<?xml version='1.0' encoding='UTF-8'?>
<testsuite hostname="Der-Rechenr" name="com.onairentertainment.RandomServiceSpec" tests="1" errors="0" failures="0" skipped="0" time="0.306" timestamp="2022-02-14T15:20:22">
                     <properties>
      <property name="java.specification.version" value="17"/><property name="sun.cpu.isalist" value="amd64"/><property name="sun.jnu.encoding" value="Cp1257"/><property name="sun.arch.data.model" value="64"/><property name="java.vendor.url" value="https://adoptium.net/"/><property name="user.country.format" value="LV"/><property name="sun.boot.library.path" value="C:\Program Files\Eclipse Adoptium\jdk-17.0.2.8-hotspot\bin"/><property name="sun.java.command" value="xsbt.boot.Boot test"/><property name="jdk.debug" value="release"/><property name="sun.stderr.encoding" value="cp775"/><property name="java.specification.vendor" value="Oracle Corporation"/><property name="java.version.date" value="2022-01-18"/><property name="java.home" value="C:\Program Files\Eclipse Adoptium\jdk-17.0.2.8-hotspot"/><property name="file.separator" value="\"/><property name="java.vm.compressedOopsMode" value="32-bit"/><property name="line.separator" value="
"/><property name="sun.stdout.encoding" value="cp775"/><property name="java.vm.specification.vendor" value="Oracle Corporation"/><property name="java.specification.name" value="Java Platform API Specification"/><property name="user.script" value=""/><property name="sun.management.compiler" value="HotSpot 64-Bit Tiered Compilers"/><property name="java.runtime.version" value="17.0.2+8"/><property name="user.name" value="Archa"/><property name="log4j.ignoreTCL" value="true"/><property name="file.encoding" value="UTF-8"/><property name="jnidispatch.path" value="C:\Users\Archa\AppData\Local\Temp\jna-63523499\jna7957966816246186087.dll"/><property name="java.vendor.version" value="Temurin-17.0.2+8"/><property name="jna.loaded" value="true"/><property name="java.io.tmpdir" value="C:\Users\Archa\AppData\Local\Temp\"/><property name="java.version" value="17.0.2"/><property name="java.vm.specification.name" value="Java Virtual Machine Specification"/><property name="sun.os.patch.level" value=""/><property name="native.encoding" value="Cp1257"/><property name="java.library.path" value="C:\Program Files\Eclipse Adoptium\jdk-17.0.2.8-hotspot\bin;C:\Windows\Sun\Java\bin;C:\Windows\system32;C:\Windows;C:\Program Files\Eclipse Adoptium\jdk-17.0.2.8-hotspot\bin;C:\Windows\system32;C:\Windows;C:\Windows\System32\Wbem;C:\Windows\System32\WindowsPowerShell\v1.0\;C:\Program Files (x86)\Oberthur Technologies\AWP\Dlls;C:\Program Files\Oberthur Technologies\AWP\Dlls;C:\Program Files (x86)\eParaksts Token Signing\;C:\Program Files (x86)\sbt\bin;C:\Program Files\Git\cmd;;C:\Users\Archa\AppData\Local\Programs\Microsoft VS Code\bin;C:\Program Files\JetBrains\IntelliJ IDEA Community Edition 2021.3.2\bin;;."/><property name="java.vendor" value="Eclipse Adoptium"/><property name="scala.ext.dirs" value="C:\Users\Archa\.sbt\1.0\java9-rt-ext-eclipse_adoptium_17_0_2"/><property name="sun.io.unicode.encoding" value="UnicodeLittle"/><property name="java.class.path" value="C:\Program Files (x86)\sbt\\bin\sbt-launch.jar"/><property name="java.vm.vendor" value="Eclipse Adoptium"/><property name="user.variant" value=""/><property name="jline.shutdownhook" value="false"/><property name="user.timezone" value="Europe/Riga"/><property name="java.vm.specification.version" value="17"/><property name="os.name" value="Windows 8.1"/><property name="sun.java.launcher" value="SUN_STANDARD"/><property name="user.country" value="US"/><property name="sun.cpu.endian" value="little"/><property name="user.home" value="C:\Users\Archa"/><property name="user.language" value="en"/><property name="swoval.tmpdir" value="C:\Users\Archa\.sbt\1.0"/><property name="jline.esc.timeout" value="0"/><property name="path.separator" value=";"/><property name="os.version" value="6.3"/><property name="jna.nosys" value="true"/><property name="java.runtime.name" value="OpenJDK Runtime Environment"/><property name="java.vm.name" value="OpenJDK 64-Bit Server VM"/><property name="java.vendor.url.bug" value="https://github.com/adoptium/adoptium-support/issues"/><property name="user.dir" value="F:\Programming\onair-game"/><property name="os.arch" value="amd64"/><property name="user.language.format" value="lv"/><property name="java.vm.info" value="mixed mode, sharing"/><property name="java.vm.version" value="17.0.2+8"/><property name="java.class.version" value="61.0"/>
    </properties>
                     <testcase classname="com.onairentertainment.RandomServiceSpec" name="RandomService.apply should return a correct result using the given random instance" time="0.306">
                                                 
                                               </testcase>
                     <system-out><![CDATA[]]></system-out>
                     <system-err><![CDATA[]]></system-err>
                   </testsuite>